<?xml version="1.0" encoding="UTF-8"?>
<!-- Generated by org.testng.reporters.JUnitReportReporter -->
<testsuite skipped="0" hostname="DESKTOP-TM1OLB8" name="com.testingfeatures.Softassert" tests="1" failures="0" timestamp="2022-03-31T10:34:46 IST" time="0.016" errors="0">
  <testcase name="username" time="0.016" classname="com.testingfeatures.Softassert"/>
  <system-out/>
</testsuite> <!-- com.testingfeatures.Softassert -->
