<?xml version="1.0" encoding="UTF-8"?>
<!-- Generated by org.testng.reporters.JUnitReportReporter -->
<testsuite skipped="0" hostname="DESKTOP-TM1OLB8" name="com.testingfeatures.Dependencytest" tests="3" failures="0" timestamp="2022-03-30T10:21:37 IST" time="0.000" errors="0">
  <testcase name="mobile" time="0.000" classname="com.testingfeatures.Dependencytest"/>
  <system-out/>
  <testcase name="watch" time="0.000" classname="com.testingfeatures.Dependencytest"/>
  <system-out/>
  <testcase name="offer" time="0.000" classname="com.testingfeatures.Dependencytest"/>
  <system-out/>
</testsuite> <!-- com.testingfeatures.Dependencytest -->
