<?xml version="1.0" encoding="UTF-8"?>
<!-- Generated by org.testng.reporters.JUnitReportReporter -->
<testsuite skipped="0" hostname="DESKTOP-TM1OLB8" name="com.testingfeatures.Gofg" tests="3" failures="0" timestamp="2022-03-29T22:02:37 IST" time="0.016" errors="0">
  <testcase name="books" time="0.016" classname="com.testingfeatures.Gofg"/>
  <system-out/>
  <testcase name="musicapps" time="0.000" classname="com.testingfeatures.Gofg"/>
  <system-out/>
  <testcase name="wynkmusic" time="0.000" classname="com.testingfeatures.Gofg"/>
  <system-out/>
</testsuite> <!-- com.testingfeatures.Gofg -->
