<?xml version="1.0" encoding="UTF-8"?>
<!-- Generated by org.testng.reporters.JUnitReportReporter -->
<testsuite skipped="0" hostname="DESKTOP-TM1OLB8" name="com.testingfeatures.Invocationcount" tests="6" failures="0" timestamp="2022-03-29T22:01:40 IST" time="0.016" errors="0">
  <testcase name="browserlanuch" time="0.000" classname="com.testingfeatures.Invocationcount"/>
  <system-out/>
  <testcase name="lanuchurl" time="0.000" classname="com.testingfeatures.Invocationcount"/>
  <system-out/>
  <testcase name="refresh" time="0.000" classname="com.testingfeatures.Invocationcount"/>
  <system-out/>
  <testcase name="refresh" time="0.000" classname="com.testingfeatures.Invocationcount"/>
  <system-out/>
  <testcase name="refresh" time="0.016" classname="com.testingfeatures.Invocationcount"/>
  <system-out/>
  <testcase name="credentials" time="0.000" classname="com.testingfeatures.Invocationcount"/>
  <system-out/>
</testsuite> <!-- com.testingfeatures.Invocationcount -->
