<?xml version="1.0" encoding="UTF-8"?>
<!-- Generated by org.testng.reporters.JUnitReportReporter -->
<testsuite skipped="0" hostname="DESKTOP-TM1OLB8" name="com.testingfeatures.Annotationspgm" tests="2" failures="0" timestamp="2022-03-28T11:47:37 IST" time="0.000" errors="0">
  <testcase name="women" time="0.000" classname="com.testingfeatures.Annotationspgm"/>
  <system-out/>
  <testcase name="children" time="0.000" classname="com.testingfeatures.Annotationspgm"/>
  <system-out/>
</testsuite> <!-- com.testingfeatures.Annotationspgm -->
