<?xml version="1.0" encoding="UTF-8"?>
<!-- Generated by org.testng.reporters.JUnitReportReporter -->
<testsuite skipped="0" hostname="DESKTOP-TM1OLB8" name="com.testingfeatures.Prioritypgm" tests="3" failures="0" timestamp="2022-03-29T22:01:21 IST" time="0.015" errors="0">
  <testcase name="username" time="0.015" classname="com.testingfeatures.Prioritypgm"/>
  <system-out/>
  <testcase name="password" time="0.000" classname="com.testingfeatures.Prioritypgm"/>
  <system-out/>
  <testcase name="login" time="0.000" classname="com.testingfeatures.Prioritypgm"/>
  <system-out/>
</testsuite> <!-- com.testingfeatures.Prioritypgm -->
