<?xml version="1.0" encoding="UTF-8"?>
<!-- Generated by org.testng.reporters.JUnitReportReporter -->
<testsuite skipped="0" hostname="DESKTOP-TM1OLB8" name="com.testingfeatures.Expectedexception" tests="1" failures="0" timestamp="2022-03-29T11:24:55 IST" time="0.000" errors="0">
  <testcase name="calculator" time="0.000" classname="com.testingfeatures.Expectedexception"/>
  <system-out/>
</testsuite> <!-- com.testingfeatures.Expectedexception -->
