<?xml version="1.0" encoding="UTF-8"?>
<!-- Generated by org.testng.reporters.JUnitReportReporter -->
<testsuite skipped="0" hostname="DESKTOP-TM1OLB8" name="com.testingfeatures.Parameterizedpgm" tests="1" failures="0" timestamp="2022-03-30T11:00:24 IST" time="0.016" errors="0">
  <testcase name="cresdentials" time="0.016" classname="com.testingfeatures.Parameterizedpgm"/>
  <system-out/>
</testsuite> <!-- com.testingfeatures.Parameterizedpgm -->
