<?xml version="1.0" encoding="UTF-8"?>
<!-- Generated by org.testng.reporters.JUnitReportReporter -->
<testsuite skipped="1" hostname="DESKTOP-TM1OLB8" name="com.testingfeatures.Ignorepgm" tests="3" failures="0" timestamp="2022-03-29T22:01:49 IST" time="0.015" errors="0">
  <testcase name="fb" time="0.015" classname="com.testingfeatures.Ignorepgm"/>
  <system-out/>
  <testcase name="homepage" time="0.000" classname="com.testingfeatures.Ignorepgm"/>
  <system-out/>
  <testcase name="insta" classname="com.testingfeatures.Ignorepgm">
    <skipped/>
  </testcase> <!-- insta -->
  <system-out/>
</testsuite> <!-- com.testingfeatures.Ignorepgm -->
