<?xml version="1.0" encoding="UTF-8"?>
<!-- Generated by org.testng.reporters.JUnitReportReporter -->
<testsuite skipped="0" hostname="DESKTOP-TM1OLB8" name="com.testingfeatures.Groupingpgm" tests="7" failures="0" timestamp="2022-03-29T22:02:27 IST" time="0.000" errors="0">
  <testcase name="book1" time="0.000" classname="com.testingfeatures.Groupingpgm"/>
  <system-out/>
  <testcase name="book2" time="0.000" classname="com.testingfeatures.Groupingpgm"/>
  <system-out/>
  <testcase name="social" time="0.000" classname="com.testingfeatures.Groupingpgm"/>
  <system-out/>
  <testcase name="books" time="0.000" classname="com.testingfeatures.Groupingpgm"/>
  <system-out/>
  <testcase name="social1" time="0.000" classname="com.testingfeatures.Groupingpgm"/>
  <system-out/>
  <testcase name="musicapps" time="0.000" classname="com.testingfeatures.Groupingpgm"/>
  <system-out/>
  <testcase name="wynkmusic" time="0.000" classname="com.testingfeatures.Groupingpgm"/>
  <system-out/>
</testsuite> <!-- com.testingfeatures.Groupingpgm -->
