<?xml version="1.0" encoding="UTF-8"?>
<!-- Generated by org.testng.reporters.JUnitReportReporter -->
<testsuite skipped="0" hostname="DESKTOP-TM1OLB8" name="com.testingfeatures.Dataprovider" tests="6" failures="0" timestamp="2022-03-30T11:36:25 IST" time="0.016" errors="0">
  <testcase name="automation" time="0.000" classname="com.testingfeatures.Dataprovider"/>
  <system-out/>
  <testcase name="crendentials" time="0.000" classname="com.testingfeatures.Dataprovider"/>
  <system-out/>
  <testcase name="automation" time="0.016" classname="com.testingfeatures.Dataprovider"/>
  <system-out/>
  <testcase name="automation" time="0.000" classname="com.testingfeatures.Dataprovider"/>
  <system-out/>
  <testcase name="crendentials" time="0.000" classname="com.testingfeatures.Dataprovider"/>
  <system-out/>
  <testcase name="crendentials" time="0.000" classname="com.testingfeatures.Dataprovider"/>
  <system-out/>
</testsuite> <!-- com.testingfeatures.Dataprovider -->
